[debug] [2022-04-30T09:47:18.270Z] ----------------------------------------------------------------------
[debug] [2022-04-30T09:47:18.271Z] Command:       C:\Program Files\nodejs\node.exe C:\Users\Kshitij-O-Phi\AppData\Roaming\npm\node_modules\firebase-tools\lib\bin\firebase.js init
[debug] [2022-04-30T09:47:18.272Z] CLI Version:   10.7.2
[debug] [2022-04-30T09:47:18.272Z] Platform:      win32
[debug] [2022-04-30T09:47:18.272Z] Node Version:  v16.14.0
[debug] [2022-04-30T09:47:18.275Z] Time:          Sat Apr 30 2022 15:17:18 GMT+0530 (India Standard Time)
[debug] [2022-04-30T09:47:18.275Z] ----------------------------------------------------------------------
[debug] 
[debug] [2022-04-30T09:47:18.280Z] > command requires scopes: ["email","openid","https://www.googleapis.com/auth/cloudplatformprojects.readonly","https://www.googleapis.com/auth/firebase","https://www.googleapis.com/auth/cloud-platform"]
[debug] [2022-04-30T09:47:18.281Z] > authorizing via signed-in user (kozarkar@gmail.com)
[info] 
     ######## #### ########  ######## ########     ###     ######  ########
     ##        ##  ##     ## ##       ##     ##  ##   ##  ##       ##
     ######    ##  ########  ######   ########  #########  ######  ######
     ##        ##  ##    ##  ##       ##     ## ##     ##       ## ##
     ##       #### ##     ## ######## ########  ##     ##  ######  ########

You're about to initialize a Firebase project in this directory:

  D:\Kshitij\angular-calendar

[info] 
=== Project Setup
[info] 
[info] First, let's associate this project directory with a Firebase project.
[info] You can create multiple project aliases by running firebase use --add, 
[info] but for now we'll just set up a default project.
[info] 
[debug] [2022-04-30T09:47:31.572Z] > refreshing access token with scopes: []
[debug] [2022-04-30T09:47:31.572Z] >>> HTTP REQUEST POST https://www.googleapis.com/oauth2/v3/token  
 <request body omitted>
[debug] [2022-04-30T09:47:31.801Z] <<< HTTP RESPONSE 200 {"pragma":"no-cache","cache-control":"no-cache, no-store, max-age=0, must-revalidate","date":"Sat, 30 Apr 2022 09:47:29 GMT","expires":"Mon, 01 Jan 1990 00:00:00 GMT","content-type":"application/json; charset=utf-8","vary":"X-Origin, Referer, Origin,Accept-Encoding","server":"scaffolding on HTTPServer2","x-xss-protection":"0","x-frame-options":"SAMEORIGIN","x-content-type-options":"nosniff","alt-svc":"h3=\":443\"; ma=2592000,h3-29=\":443\"; ma=2592000,h3-Q050=\":443\"; ma=2592000,h3-Q046=\":443\"; ma=2592000,h3-Q043=\":443\"; ma=2592000,quic=\":443\"; ma=2592000; v=\"46,43\"","accept-ranges":"none","transfer-encoding":"chunked"}
[debug] [2022-04-30T09:47:31.808Z] >>> [apiv2][query] GET https://firebase.googleapis.com/v1beta1/projects pageSize=100
[debug] [2022-04-30T09:47:32.505Z] <<< [apiv2][status] GET https://firebase.googleapis.com/v1beta1/projects 200
[debug] [2022-04-30T09:47:32.505Z] <<< [apiv2][body] GET https://firebase.googleapis.com/v1beta1/projects [omitted]
[info] i  Using project angular-attendance-system (angular-attendance-system) 
[info] 
=== Hosting Setup
[info] 
[info] Your public directory is the folder (relative to your project directory) that
[info] will contain Hosting assets to be uploaded with firebase deploy. If you
[info] have a build process for your assets, use your build's output directory.
[info] 
[debug] [2022-04-30T09:49:05.110Z] ----------------------------------------------------------------------
[debug] [2022-04-30T09:49:05.112Z] Command:       C:\Program Files\nodejs\node.exe C:\Users\Kshitij-O-Phi\AppData\Roaming\npm\node_modules\firebase-tools\lib\bin\firebase.js init
[debug] [2022-04-30T09:49:05.112Z] CLI Version:   10.7.2
[debug] [2022-04-30T09:49:05.112Z] Platform:      win32
[debug] [2022-04-30T09:49:05.112Z] Node Version:  v16.14.0
[debug] [2022-04-30T09:49:05.115Z] Time:          Sat Apr 30 2022 15:19:05 GMT+0530 (India Standard Time)
[debug] [2022-04-30T09:49:05.115Z] ----------------------------------------------------------------------
[debug] 
[debug] [2022-04-30T09:49:05.121Z] > command requires scopes: ["email","openid","https://www.googleapis.com/auth/cloudplatformprojects.readonly","https://www.googleapis.com/auth/firebase","https://www.googleapis.com/auth/cloud-platform"]
[debug] [2022-04-30T09:49:05.121Z] > authorizing via signed-in user (kozarkar@gmail.com)
[info] 
     ######## #### ########  ######## ########     ###     ######  ########
     ##        ##  ##     ## ##       ##     ##  ##   ##  ##       ##
     ######    ##  ########  ######   ########  #########  ######  ######
     ##        ##  ##    ##  ##       ##     ## ##     ##       ## ##
     ##       #### ##     ## ######## ########  ##     ##  ######  ########

You're about to initialize a Firebase project in this directory:

  D:\Kshitij\angular-calendar

[info] 
=== Project Setup
[info] 
[info] First, let's associate this project directory with a Firebase project.
[info] You can create multiple project aliases by running firebase use --add, 
[info] but for now we'll just set up a default project.
[info] 
[debug] [2022-04-30T09:49:12.581Z] >>> [apiv2][query] GET https://firebase.googleapis.com/v1beta1/projects pageSize=100
[debug] [2022-04-30T09:49:13.310Z] <<< [apiv2][status] GET https://firebase.googleapis.com/v1beta1/projects 200
[debug] [2022-04-30T09:49:13.310Z] <<< [apiv2][body] GET https://firebase.googleapis.com/v1beta1/projects [omitted]
[info] i  Using project angular-attendance-system (angular-attendance-system) 
[info] 
=== Hosting Setup
[info] 
[info] Your public directory is the folder (relative to your project directory) that
[info] will contain Hosting assets to be uploaded with firebase deploy. If you
[info] have a build process for your assets, use your build's output directory.
[info] 
